<?xml version="1.0" encoding="UTF-8"?>
<!-- Generated by org.testng.reporters.JUnitXMLReporter -->
<testsuite ignored="2" hostname="LTA1Q5SAYJ" failures="0" tests="1" name="Default test" time="237.607" errors="0" timestamp="2022-10-19T13:17:03 IST">
  <testcase classname="Sanity.SanityDynamicTest" name="camFunctionsTest" time="98.321"/>
  <testcase classname="Sanity.SanityDynamicTest" name="validLoginTest" time="0.0">
    <ignored/>
  </testcase> <!-- validLoginTest -->
  <testcase classname="Sanity.SanityDynamicTest" name="cameraSettingsTest" time="0.0">
    <ignored/>
  </testcase> <!-- cameraSettingsTest -->
</testsuite> <!-- Default test -->
