<?xml version="1.0" encoding="UTF-8"?>
<!-- Generated by org.testng.reporters.JUnitXMLReporter -->
<testsuite ignored="12" hostname="LTA1Q5SAYJ" failures="1" tests="45" name="P0_TestScripts" time="3444.685" errors="0" timestamp="2022-08-03T23:57:11 IST">
  <testcase classname="Priority.P0_LoginModule_Test" name="loginPageTest" time="13.118"/>
  <testcase classname="Priority.P0_LoginModule_Test" name="backToLoginPageTest" time="21.279"/>
  <testcase classname="Priority.P0_LoginModule_Test" name="continueDisableMobNumTest" time="19.444"/>
  <testcase classname="Priority.P0_LoginModule_Test" name="wrongOtpTest" time="23.882"/>
  <testcase classname="Priority.P0_LoginModule_Test" name="continueDisableOtpTest" time="23.318"/>
  <testcase classname="Priority.P0_LoginModule_Test" name="resendOtpEnableAfter30Second" time="77.31">
    <skipped/>
  </testcase> <!-- resendOtpEnableAfter30Second -->
  <testcase classname="Priority.P0_LoginModule_Test" name="resendOtpEnableAfter30Second" time="79.077">
    <skipped/>
  </testcase> <!-- resendOtpEnableAfter30Second -->
  <testcase classname="Priority.P0_LoginModule_Test" name="resendOtpEnableAfter30Second" time="128.109"/>
  <testcase classname="Priority.P0_HomeScreen_Test" name="loginPageTest" time="47.174"/>
  <testcase classname="Priority.P0_HomeScreen_Test" name="gridPauseStateTest" time="89.3"/>
  <testcase classname="Priority.P0_OnBoarding_Test" name="allowPermissionTest" time="59.184"/>
  <testcase classname="Priority.P0_OnBoarding_Test" name="userSelectDeviceModelTest" time="62.309"/>
  <testcase classname="Priority.P0_OnBoarding_Test" name="scanFailedErrorTest" time="91.891"/>
  <testcase classname="Priority.P0_OnBoarding_Test" name="backToHomeTest" time="50.229"/>
  <testcase classname="Priority.P0_OnBoarding_Test" name="withoutWifiScanTest" time="76.339"/>
  <testcase classname="Priority.P0_OnBoarding_Test" name="enterSerialNUmDidplayTest" time="46.621"/>
  <testcase classname="Priority.P0_OnBoarding_Test" name="numericValuesTest" time="54.071"/>
  <testcase classname="Priority.P0_OnBoarding_Test" name="errorMessageCamTest" time="51.521">
    <skipped/>
  </testcase> <!-- errorMessageCamTest -->
  <testcase classname="Priority.P0_OnBoarding_Test" name="errorMessageCamTest" time="52.415">
    <skipped/>
  </testcase> <!-- errorMessageCamTest -->
  <testcase classname="Priority.P0_OnBoarding_Test" name="errorMessageCamTest" time="52.545">
    <skipped/>
  </testcase> <!-- errorMessageCamTest -->
  <testcase classname="Priority.P0_OnBoarding_Test" name="errorMessageCamTest" time="51.806">
    <failure type="java.lang.AssertionError" message="expected [Camera already added] but found [The device has been added by another account]">
      <![CDATA[java.lang.AssertionError: expected [Camera already added] but found [The device has been added by another account]
at com.android.genericLibrary.WebDriverUtility.assertion(WebDriverUtility.java:232)
at Priority.P0_OnBoarding_Test.errorMessageCamTest(P0_OnBoarding_Test.java:381)
at java.base/java.util.ArrayList.forEach(ArrayList.java:1511)
... Removed 33 stack frames]]>
    </failure>
  </testcase> <!-- errorMessageCamTest -->
  <testcase classname="Priority.P0_OnBoarding_Test" name="cameraDeleteAndOnboadrTest" time="96.923"/>
  <testcase classname="Priority.P0_OnBoarding_Test" name="navigateBlinkingPageTest" time="58.506"/>
  <testcase classname="Priority.P0_OnBoarding_Test" name="sitRelaxVisibleTest" time="71.177"/>
  <testcase classname="Priority.P0_OnBoarding_Test" name="killAppTest" time="73.491"/>
  <testcase classname="Priority.P0_OnBoarding_Test" name="progressBarTest" time="71.201"/>
  <testcase classname="Priority.P0_OnBoarding_Test" name="errrorMessageTest" time="64.502"/>
  <testcase classname="Priority.P0_OnBoarding_Test" name="cofigureNotExitTest" time="101.465"/>
  <testcase classname="Priority.P0_VideosTab_Test" name="noVideoRecordedTest" time="54.946"/>
  <testcase classname="Priority.P0_VideosTab_Test" name="videoDisplayByDateTest" time="47.689"/>
  <testcase classname="Priority.P0_VideosTab_Test" name="videoPlayTest" time="61.271"/>
  <testcase classname="Priority.P0_VideosTab_Test" name="nextVideoPlayTest" time="68.01"/>
  <testcase classname="Priority.P0_VideosTab_Test" name="previousIconTest" time="74.497"/>
  <testcase classname="Priority.P0_VideosTab_Test" name="shareDownloadTest" time="69.403"/>
  <testcase classname="Priority.P0_VideosTab_Test" name="durationTest" time="105.368"/>
  <testcase classname="Priority.P0_VideosTab_Test" name="filterRemovelTest" time="51.439"/>
  <testcase classname="Priority.P0_VideosTab_Test" name="clearAllFilterTest" time="78.841"/>
  <testcase classname="Priority.P0_AccountTab_Test" name="priceForPlans" time="110.251"/>
  <testcase classname="Priority.P0_AccountTab_Test" name="appVersionTest" time="49.605"/>
  <testcase classname="Priority.P0_CameraFunctions_Test" name="invalidVerificationCodeTest" time="49.476"/>
  <testcase classname="Priority.P0_CameraFunctions_Test" name="cameraControlsTest" time="148.431"/>
  <testcase classname="Priority.P0_CameraFunctions_Test" name="sleepModeTest" time="72.659"/>
  <testcase classname="Priority.P0_CameraFunctions_Test" name="flipCameraTest" time="57.283"/>
  <testcase classname="Priority.P0_SubscriptionPaymentTest" name="monthlySubscription" time="81.497"/>
  <testcase classname="Priority.P0_SubscriptionPaymentTest" name="yearSubscription" time="106.652"/>
  <testcase classname="com.android.genericLibrary.BaseClass1" name="@BeforeSuite configBS" time="0.0">
    <ignored/>
  </testcase> <!-- @BeforeSuite configBS -->
  <testcase classname="com.android.genericLibrary.BaseClass1" name="@BeforeSuite configBS" time="0.0">
    <ignored/>
  </testcase> <!-- @BeforeSuite configBS -->
  <testcase classname="com.android.genericLibrary.BaseClass1" name="@BeforeSuite configBS" time="0.0">
    <ignored/>
  </testcase> <!-- @BeforeSuite configBS -->
  <testcase classname="com.android.genericLibrary.BaseClass1" name="@BeforeSuite configBS" time="0.0">
    <ignored/>
  </testcase> <!-- @BeforeSuite configBS -->
  <testcase classname="com.android.genericLibrary.BaseClass1" name="@BeforeSuite configBS" time="0.0">
    <ignored/>
  </testcase> <!-- @BeforeSuite configBS -->
  <testcase classname="com.android.genericLibrary.BaseClass1" name="@BeforeSuite configBS" time="0.0">
    <ignored/>
  </testcase> <!-- @BeforeSuite configBS -->
  <testcase classname="com.android.genericLibrary.BaseClass1" name="@AfterSuite configAS" time="0.0">
    <ignored/>
  </testcase> <!-- @AfterSuite configAS -->
  <testcase classname="com.android.genericLibrary.BaseClass1" name="@AfterSuite configAS" time="0.0">
    <ignored/>
  </testcase> <!-- @AfterSuite configAS -->
  <testcase classname="com.android.genericLibrary.BaseClass1" name="@AfterSuite configAS" time="0.0">
    <ignored/>
  </testcase> <!-- @AfterSuite configAS -->
  <testcase classname="com.android.genericLibrary.BaseClass1" name="@AfterSuite configAS" time="0.0">
    <ignored/>
  </testcase> <!-- @AfterSuite configAS -->
  <testcase classname="com.android.genericLibrary.BaseClass1" name="@AfterSuite configAS" time="0.0">
    <ignored/>
  </testcase> <!-- @AfterSuite configAS -->
  <testcase classname="com.android.genericLibrary.BaseClass1" name="@AfterSuite configAS" time="0.0">
    <ignored/>
  </testcase> <!-- @AfterSuite configAS -->
</testsuite> <!-- P0_TestScripts -->
