<?xml version="1.0" encoding="UTF-8"?>
<testng-results ignored="2" total="3" passed="1" failed="0" skipped="0">
  <reporter-output>
  </reporter-output>
  <suite started-at="2022-10-19T13:13:06 IST" name="Default suite" finished-at="2022-10-19T13:17:03 IST" duration-ms="237607">
    <groups>
      <group name="Sanity">
        <method signature="SanityDynamicTest.camFunctionsTest()[pri:2, instance:Sanity.SanityDynamicTest@383dc82c]" name="camFunctionsTest" class="Sanity.SanityDynamicTest"/>
      </group> <!-- Sanity -->
    </groups>
    <test started-at="2022-10-19T13:13:06 IST" name="Default test" finished-at="2022-10-19T13:17:03 IST" duration-ms="237607">
      <class name="Sanity.SanityDynamicTest">
        <test-method is-config="true" signature="configBS()[pri:0, instance:Sanity.SanityDynamicTest@383dc82c]" started-at="2022-10-19T13:13:06 IST" name="configBS" finished-at="2022-10-19T13:13:06 IST" duration-ms="11" status="PASS">
          <reporter-output>
          </reporter-output>
        </test-method> <!-- configBS -->
        <test-method is-config="true" signature="configBC()[pri:0, instance:Sanity.SanityDynamicTest@383dc82c]" started-at="2022-10-19T13:13:06 IST" name="configBC" finished-at="2022-10-19T13:13:50 IST" duration-ms="44287" status="PASS">
          <reporter-output>
          </reporter-output>
        </test-method> <!-- configBC -->
        <test-method is-config="true" signature="configBM()[pri:0, instance:Sanity.SanityDynamicTest@383dc82c]" started-at="2022-10-19T13:13:50 IST" name="configBM" finished-at="2022-10-19T13:15:24 IST" duration-ms="94265" status="PASS">
          <reporter-output>
          </reporter-output>
        </test-method> <!-- configBM -->
        <test-method signature="camFunctionsTest()[pri:2, instance:Sanity.SanityDynamicTest@383dc82c]" started-at="2022-10-19T13:15:24 IST" name="camFunctionsTest" finished-at="2022-10-19T13:17:03 IST" duration-ms="98321" status="PASS">
          <reporter-output>
          </reporter-output>
        </test-method> <!-- camFunctionsTest -->
        <test-method is-config="true" signature="configAM()[pri:0, instance:Sanity.SanityDynamicTest@383dc82c]" started-at="2022-10-19T13:17:03 IST" name="configAM" finished-at="2022-10-19T13:17:03 IST" duration-ms="3" status="PASS">
          <reporter-output>
          </reporter-output>
        </test-method> <!-- configAM -->
        <test-method is-config="true" signature="configAC()[pri:0, instance:Sanity.SanityDynamicTest@383dc82c]" started-at="2022-10-19T13:17:03 IST" name="configAC" finished-at="2022-10-19T13:17:03 IST" duration-ms="663" status="PASS">
          <reporter-output>
          </reporter-output>
        </test-method> <!-- configAC -->
        <test-method is-config="true" signature="configAS()[pri:0, instance:Sanity.SanityDynamicTest@383dc82c]" started-at="2022-10-19T13:17:03 IST" name="configAS" finished-at="2022-10-19T13:17:03 IST" duration-ms="1" status="PASS">
          <reporter-output>
          </reporter-output>
        </test-method> <!-- configAS -->
      </class> <!-- Sanity.SanityDynamicTest -->
    </test> <!-- Default test -->
  </suite> <!-- Default suite -->
</testng-results>
